Electrostatic potential parameters

Grid information (see 1_default_grid.dat in Angstrom)
    Number of grid points:            1075

Quantum electrostatic potential (see 1_default_grid_esp.dat)

Constraints
    Charge constraints
        Total charge of   0.06752664 on the set   2
        Total charge of   0.08393906 on the set   3
        Total charge of  -0.46785215 on the set   4
        Total charge of   0.12070454 on the set   5
        Total charge of  -0.09084106 on the set   6
        Total charge of   0.35834362 on the set   7
        Total charge of  -0.49495331 on the set   8
        Total charge of  -0.04696893 on the set   9
        Total charge of   0.37000317 on the set  11
        Total charge of  -0.53027854 on the set  12
        Total charge of   0.01788361 on the set  13
        Total charge of   0.17379145 on the set  18
    Equality constraints
        Equal charges on atoms
                                 15  16  17
                                 19  20  21
                                 22  23  24

Restraint
    Hyperbolic restraint to a charge of zero
    Hydrogen atoms are not restrained
    resp_a:                           0.0010
    resp_b:                           0.1000

Fit

Electrostatic Potential Charges
   Center  Symbol       ESP      RESP
      1    C      -0.24802942 -0.20810019
      2    N       0.06752664  0.06752664
      3    C       0.08393906  0.08393906
      4    N      -0.46785215 -0.46785215
      5    C       0.12070454  0.12070454
      6    C      -0.09084106 -0.09084106
      7    C       0.35834362  0.35834362
      8    O      -0.49495331 -0.49495331
      9    N      -0.04696893 -0.04696893
     10    C      -0.03932681 -0.02877608
     11    C       0.37000317  0.37000317
     12    O      -0.53027854 -0.53027854
     13    N       0.01788361  0.01788361
     14    C       0.04028831  0.01153903
     15    H       0.12483305  0.11234483
     16    H       0.12483305  0.11234483
     17    H       0.12483305  0.11234483
     18    H       0.17379145  0.17379145
     19    H       0.06318734  0.06012360
     20    H       0.06318734  0.06012360
     21    H       0.06318734  0.06012360
     22    H       0.04056956  0.04887795
     23    H       0.04056956  0.04887795
     24    H       0.04056956  0.04887795
Total Charge:     -0.00000000  0.00000000
